<?xml version="1.0" encoding="UTF-8"?>
<!-- Generated by org.testng.reporters.JUnitReportReporter -->
<testsuite hostname="DESKTOP-AH8P6HB" failures="0" tests="4" name="Api.Test.UserTests" time="3.251" errors="0" timestamp="2023-11-14T12:57:13 EST" skipped="0">
  <testcase classname="Api.Test.UserTests" name="testCreateUser" time="2.653"/>
  <testcase classname="Api.Test.UserTests" name="testgetUserbyName" time="0.175"/>
  <testcase classname="Api.Test.UserTests" name="testUpdateUserbyName" time="0.298"/>
  <testcase classname="Api.Test.UserTests" name="testDeleteUserbyName" time="0.125"/>
</testsuite> <!-- Api.Test.UserTests -->
